# Optimization Gatekeeper Log - Tue Jul  8 15:25:28 SAST 2025
[2025-07-08 15:25:28] [INFO] No configuration file found, using defaults
[2025-07-08 15:25:28] [INFO] Default configuration created at /Users/nhla/Desktop/PROJECTS/2025/thrive-send/.optimization-gatekeeper.conf
# Optimization Gatekeeper Log - Tue Jul  8 15:26:43 SAST 2025
[2025-07-08 15:26:43] [DEBUG] Configuration loaded from /Users/nhla/Desktop/PROJECTS/2025/thrive-send/.optimization-gatekeeper.conf
# Optimization Gatekeeper Log - Tue Jul  8 15:27:01 SAST 2025
[2025-07-08 15:27:01] [DEBUG] Configuration loaded from /Users/nhla/Desktop/PROJECTS/2025/thrive-send/.optimization-gatekeeper.conf
# Optimization Gatekeeper Log - Tue Jul  8 15:27:05 SAST 2025
[2025-07-08 15:27:06] [DEBUG] Configuration loaded from /Users/nhla/Desktop/PROJECTS/2025/thrive-send/.optimization-gatekeeper.conf
[2025-07-08 15:27:06] [INFO] Analyzing file: /Users/nhla/Desktop/PROJECTS/2025/thrive-send/src/app/page.tsx
[2025-07-08 15:27:06] [DEBUG] Validating optimization principles for: /Users/nhla/Desktop/PROJECTS/2025/thrive-send/src/app/page.tsx
[2025-07-08 15:27:09] [ERROR] Code quality violations detected in /Users/nhla/Desktop/PROJECTS/2025/thrive-send/src/app/page.tsx
# Optimization Gatekeeper Log - Tue Jul  8 15:27:10 SAST 2025
[2025-07-08 15:27:10] [DEBUG] Configuration loaded from /Users/nhla/Desktop/PROJECTS/2025/thrive-send/.optimization-gatekeeper.conf
# Optimization Gatekeeper Log - Tue Jul  8 15:27:11 SAST 2025
[2025-07-08 15:27:11] [DEBUG] Configuration loaded from /Users/nhla/Desktop/PROJECTS/2025/thrive-send/.optimization-gatekeeper.conf
# Optimization Gatekeeper Log - Wed Jul  9 13:30:02 SAST 2025
[2025-07-09 13:30:02] [DEBUG] Configuration loaded from /Users/nhla/Desktop/PROJECTS/2025/thrive-send/.optimization-gatekeeper.conf
[2025-07-09 13:30:02] [DEBUG] Skipping file (excluded pattern): scripts/hooks-check.js
# Optimization Gatekeeper Log - Wed Jul  9 13:30:03 SAST 2025
[2025-07-09 13:30:03] [DEBUG] Configuration loaded from /Users/nhla/Desktop/PROJECTS/2025/thrive-send/.optimization-gatekeeper.conf
[2025-07-09 13:30:03] [INFO] Analyzing file: src/app/(dashboard)/analytics/page.tsx
[2025-07-09 13:30:04] [DEBUG] Validating optimization principles for: src/app/(dashboard)/analytics/page.tsx
[2025-07-09 13:30:06] [ERROR] Code quality violations detected in src/app/(dashboard)/analytics/page.tsx
# Optimization Gatekeeper Log - Wed Jul  9 13:30:07 SAST 2025
[2025-07-09 13:30:07] [DEBUG] Configuration loaded from /Users/nhla/Desktop/PROJECTS/2025/thrive-send/.optimization-gatekeeper.conf
[2025-07-09 13:30:07] [DEBUG] Skipping file (excluded pattern): src/app/api/analytics/comprehensive/route.ts
# Optimization Gatekeeper Log - Wed Jul  9 13:30:08 SAST 2025
[2025-07-09 13:30:08] [DEBUG] Configuration loaded from /Users/nhla/Desktop/PROJECTS/2025/thrive-send/.optimization-gatekeeper.conf
[2025-07-09 13:30:08] [INFO] Analyzing file: src/components/analytics/AnalyticsDashboard.tsx
[2025-07-09 13:30:08] [DEBUG] Validating optimization principles for: src/components/analytics/AnalyticsDashboard.tsx
[2025-07-09 13:30:11] [ERROR] Code quality violations detected in src/components/analytics/AnalyticsDashboard.tsx
# Optimization Gatekeeper Log - Wed Jul  9 13:30:12 SAST 2025
[2025-07-09 13:30:12] [DEBUG] Configuration loaded from /Users/nhla/Desktop/PROJECTS/2025/thrive-send/.optimization-gatekeeper.conf
[2025-07-09 13:30:12] [INFO] Analyzing file: src/components/analytics/AnalyticsErrorBoundary.tsx
[2025-07-09 13:30:12] [DEBUG] Validating optimization principles for: src/components/analytics/AnalyticsErrorBoundary.tsx
[2025-07-09 13:30:15] [ERROR] Code quality violations detected in src/components/analytics/AnalyticsErrorBoundary.tsx
# Optimization Gatekeeper Log - Wed Jul  9 13:30:16 SAST 2025
[2025-07-09 13:30:16] [DEBUG] Configuration loaded from /Users/nhla/Desktop/PROJECTS/2025/thrive-send/.optimization-gatekeeper.conf
[2025-07-09 13:30:16] [INFO] Analyzing file: src/components/analytics/charts/RechartsBarChart.tsx
[2025-07-09 13:30:16] [DEBUG] Validating optimization principles for: src/components/analytics/charts/RechartsBarChart.tsx
[2025-07-09 13:30:19] [ERROR] Code quality violations detected in src/components/analytics/charts/RechartsBarChart.tsx
# Optimization Gatekeeper Log - Wed Jul  9 13:30:20 SAST 2025
[2025-07-09 13:30:20] [DEBUG] Configuration loaded from /Users/nhla/Desktop/PROJECTS/2025/thrive-send/.optimization-gatekeeper.conf
[2025-07-09 13:30:20] [INFO] Analyzing file: src/components/analytics/charts/RechartsHeatMap.tsx
[2025-07-09 13:30:20] [DEBUG] Validating optimization principles for: src/components/analytics/charts/RechartsHeatMap.tsx
[2025-07-09 13:30:23] [ERROR] Code quality violations detected in src/components/analytics/charts/RechartsHeatMap.tsx
# Optimization Gatekeeper Log - Wed Jul  9 13:30:24 SAST 2025
[2025-07-09 13:30:24] [DEBUG] Configuration loaded from /Users/nhla/Desktop/PROJECTS/2025/thrive-send/.optimization-gatekeeper.conf
[2025-07-09 13:30:24] [INFO] Analyzing file: src/components/analytics/charts/RechartsLineChart.tsx
[2025-07-09 13:30:24] [DEBUG] Validating optimization principles for: src/components/analytics/charts/RechartsLineChart.tsx
[2025-07-09 13:30:27] [ERROR] Code quality violations detected in src/components/analytics/charts/RechartsLineChart.tsx
# Optimization Gatekeeper Log - Wed Jul  9 13:30:28 SAST 2025
[2025-07-09 13:30:28] [DEBUG] Configuration loaded from /Users/nhla/Desktop/PROJECTS/2025/thrive-send/.optimization-gatekeeper.conf
[2025-07-09 13:30:28] [INFO] Analyzing file: src/components/analytics/charts/RechartsPieChart.tsx
[2025-07-09 13:30:28] [DEBUG] Validating optimization principles for: src/components/analytics/charts/RechartsPieChart.tsx
[2025-07-09 13:30:31] [ERROR] Code quality violations detected in src/components/analytics/charts/RechartsPieChart.tsx
# Optimization Gatekeeper Log - Wed Jul  9 13:30:32 SAST 2025
[2025-07-09 13:30:32] [DEBUG] Configuration loaded from /Users/nhla/Desktop/PROJECTS/2025/thrive-send/.optimization-gatekeeper.conf
[2025-07-09 13:30:32] [DEBUG] Skipping file (excluded pattern): src/lib/analytics/cache-invalidation.ts
# Optimization Gatekeeper Log - Wed Jul  9 13:30:33 SAST 2025
[2025-07-09 13:30:33] [DEBUG] Configuration loaded from /Users/nhla/Desktop/PROJECTS/2025/thrive-send/.optimization-gatekeeper.conf
[2025-07-09 13:30:33] [DEBUG] Skipping file (excluded pattern): src/lib/analytics/cache-manager.ts
# Optimization Gatekeeper Log - Wed Jul  9 13:30:34 SAST 2025
[2025-07-09 13:30:34] [DEBUG] Configuration loaded from /Users/nhla/Desktop/PROJECTS/2025/thrive-send/.optimization-gatekeeper.conf
[2025-07-09 13:30:34] [DEBUG] Skipping file (excluded pattern): src/lib/analytics/chart-theme.ts
# Optimization Gatekeeper Log - Wed Jul  9 13:30:34 SAST 2025
[2025-07-09 13:30:34] [DEBUG] Configuration loaded from /Users/nhla/Desktop/PROJECTS/2025/thrive-send/.optimization-gatekeeper.conf
[2025-07-09 13:30:34] [DEBUG] Skipping file (excluded pattern): src/lib/analytics/error-handler.ts
# Optimization Gatekeeper Log - Wed Jul  9 13:30:35 SAST 2025
[2025-07-09 13:30:35] [DEBUG] Configuration loaded from /Users/nhla/Desktop/PROJECTS/2025/thrive-send/.optimization-gatekeeper.conf
[2025-07-09 13:30:35] [DEBUG] Skipping file (excluded pattern): src/lib/analytics/metrics-calculator.ts
# Optimization Gatekeeper Log - Wed Jul  9 13:30:36 SAST 2025
[2025-07-09 13:30:36] [DEBUG] Configuration loaded from /Users/nhla/Desktop/PROJECTS/2025/thrive-send/.optimization-gatekeeper.conf
[2025-07-09 13:30:36] [DEBUG] Skipping file (excluded pattern): src/lib/analytics/query-optimizer.ts
# Optimization Gatekeeper Log - Wed Jul  9 13:30:36 SAST 2025
[2025-07-09 13:30:36] [DEBUG] Configuration loaded from /Users/nhla/Desktop/PROJECTS/2025/thrive-send/.optimization-gatekeeper.conf
[2025-07-09 13:30:37] [DEBUG] Skipping file (excluded pattern): src/lib/hooks/useAnalyticsData.ts
# Optimization Gatekeeper Log - Wed Jul  9 13:30:37 SAST 2025
[2025-07-09 13:30:37] [DEBUG] Configuration loaded from /Users/nhla/Desktop/PROJECTS/2025/thrive-send/.optimization-gatekeeper.conf
[2025-07-09 13:30:37] [DEBUG] Skipping file (excluded pattern): src/lib/utils/export-utils.ts
# Optimization Gatekeeper Log - Wed Jul  9 13:31:26 SAST 2025
[2025-07-09 13:31:26] [DEBUG] Configuration loaded from /Users/nhla/Desktop/PROJECTS/2025/thrive-send/.optimization-gatekeeper.conf
[2025-07-09 13:31:26] [DEBUG] Skipping file (excluded pattern): scripts/hooks-check.js
# Optimization Gatekeeper Log - Wed Jul  9 13:31:27 SAST 2025
[2025-07-09 13:31:27] [DEBUG] Configuration loaded from /Users/nhla/Desktop/PROJECTS/2025/thrive-send/.optimization-gatekeeper.conf
[2025-07-09 13:31:27] [INFO] Analyzing file: src/app/(dashboard)/analytics/page.tsx
[2025-07-09 13:31:27] [DEBUG] Validating optimization principles for: src/app/(dashboard)/analytics/page.tsx
[2025-07-09 13:31:30] [ERROR] Code quality violations detected in src/app/(dashboard)/analytics/page.tsx
# Optimization Gatekeeper Log - Wed Jul  9 13:31:31 SAST 2025
[2025-07-09 13:31:31] [DEBUG] Configuration loaded from /Users/nhla/Desktop/PROJECTS/2025/thrive-send/.optimization-gatekeeper.conf
[2025-07-09 13:31:31] [DEBUG] Skipping file (excluded pattern): src/app/api/analytics/comprehensive/route.ts
# Optimization Gatekeeper Log - Wed Jul  9 13:31:32 SAST 2025
[2025-07-09 13:31:32] [DEBUG] Configuration loaded from /Users/nhla/Desktop/PROJECTS/2025/thrive-send/.optimization-gatekeeper.conf
[2025-07-09 13:31:32] [INFO] Analyzing file: src/components/analytics/AnalyticsDashboard.tsx
[2025-07-09 13:31:32] [DEBUG] Validating optimization principles for: src/components/analytics/AnalyticsDashboard.tsx
[2025-07-09 13:31:35] [ERROR] Code quality violations detected in src/components/analytics/AnalyticsDashboard.tsx
# Optimization Gatekeeper Log - Wed Jul  9 13:31:36 SAST 2025
[2025-07-09 13:31:36] [DEBUG] Configuration loaded from /Users/nhla/Desktop/PROJECTS/2025/thrive-send/.optimization-gatekeeper.conf
[2025-07-09 13:31:36] [INFO] Analyzing file: src/components/analytics/AnalyticsErrorBoundary.tsx
[2025-07-09 13:31:36] [DEBUG] Validating optimization principles for: src/components/analytics/AnalyticsErrorBoundary.tsx
[2025-07-09 13:31:39] [ERROR] Code quality violations detected in src/components/analytics/AnalyticsErrorBoundary.tsx
# Optimization Gatekeeper Log - Wed Jul  9 13:31:39 SAST 2025
[2025-07-09 13:31:40] [DEBUG] Configuration loaded from /Users/nhla/Desktop/PROJECTS/2025/thrive-send/.optimization-gatekeeper.conf
[2025-07-09 13:31:40] [INFO] Analyzing file: src/components/analytics/charts/RechartsBarChart.tsx
[2025-07-09 13:31:40] [DEBUG] Validating optimization principles for: src/components/analytics/charts/RechartsBarChart.tsx
[2025-07-09 13:31:43] [ERROR] Code quality violations detected in src/components/analytics/charts/RechartsBarChart.tsx
# Optimization Gatekeeper Log - Wed Jul  9 13:31:44 SAST 2025
[2025-07-09 13:31:44] [DEBUG] Configuration loaded from /Users/nhla/Desktop/PROJECTS/2025/thrive-send/.optimization-gatekeeper.conf
[2025-07-09 13:31:44] [INFO] Analyzing file: src/components/analytics/charts/RechartsHeatMap.tsx
[2025-07-09 13:31:44] [DEBUG] Validating optimization principles for: src/components/analytics/charts/RechartsHeatMap.tsx
[2025-07-09 13:31:47] [ERROR] Code quality violations detected in src/components/analytics/charts/RechartsHeatMap.tsx
# Optimization Gatekeeper Log - Wed Jul  9 13:31:47 SAST 2025
[2025-07-09 13:31:48] [DEBUG] Configuration loaded from /Users/nhla/Desktop/PROJECTS/2025/thrive-send/.optimization-gatekeeper.conf
[2025-07-09 13:31:48] [INFO] Analyzing file: src/components/analytics/charts/RechartsLineChart.tsx
[2025-07-09 13:31:48] [DEBUG] Validating optimization principles for: src/components/analytics/charts/RechartsLineChart.tsx
[2025-07-09 13:31:50] [ERROR] Code quality violations detected in src/components/analytics/charts/RechartsLineChart.tsx
# Optimization Gatekeeper Log - Wed Jul  9 13:31:51 SAST 2025
[2025-07-09 13:31:52] [DEBUG] Configuration loaded from /Users/nhla/Desktop/PROJECTS/2025/thrive-send/.optimization-gatekeeper.conf
[2025-07-09 13:31:52] [INFO] Analyzing file: src/components/analytics/charts/RechartsPieChart.tsx
[2025-07-09 13:31:52] [DEBUG] Validating optimization principles for: src/components/analytics/charts/RechartsPieChart.tsx
[2025-07-09 13:31:54] [ERROR] Code quality violations detected in src/components/analytics/charts/RechartsPieChart.tsx
# Optimization Gatekeeper Log - Wed Jul  9 13:31:55 SAST 2025
[2025-07-09 13:31:55] [DEBUG] Configuration loaded from /Users/nhla/Desktop/PROJECTS/2025/thrive-send/.optimization-gatekeeper.conf
[2025-07-09 13:31:55] [DEBUG] Skipping file (excluded pattern): src/lib/analytics/cache-invalidation.ts
# Optimization Gatekeeper Log - Wed Jul  9 13:31:56 SAST 2025
[2025-07-09 13:31:56] [DEBUG] Configuration loaded from /Users/nhla/Desktop/PROJECTS/2025/thrive-send/.optimization-gatekeeper.conf
[2025-07-09 13:31:56] [DEBUG] Skipping file (excluded pattern): src/lib/analytics/cache-manager.ts
# Optimization Gatekeeper Log - Wed Jul  9 13:31:57 SAST 2025
[2025-07-09 13:31:57] [DEBUG] Configuration loaded from /Users/nhla/Desktop/PROJECTS/2025/thrive-send/.optimization-gatekeeper.conf
[2025-07-09 13:31:57] [DEBUG] Skipping file (excluded pattern): src/lib/analytics/chart-theme.ts
# Optimization Gatekeeper Log - Wed Jul  9 13:31:57 SAST 2025
[2025-07-09 13:31:57] [DEBUG] Configuration loaded from /Users/nhla/Desktop/PROJECTS/2025/thrive-send/.optimization-gatekeeper.conf
[2025-07-09 13:31:57] [DEBUG] Skipping file (excluded pattern): src/lib/analytics/error-handler.ts
# Optimization Gatekeeper Log - Wed Jul  9 13:31:58 SAST 2025
[2025-07-09 13:31:58] [DEBUG] Configuration loaded from /Users/nhla/Desktop/PROJECTS/2025/thrive-send/.optimization-gatekeeper.conf
[2025-07-09 13:31:58] [DEBUG] Skipping file (excluded pattern): src/lib/analytics/metrics-calculator.ts
# Optimization Gatekeeper Log - Wed Jul  9 13:31:59 SAST 2025
[2025-07-09 13:31:59] [DEBUG] Configuration loaded from /Users/nhla/Desktop/PROJECTS/2025/thrive-send/.optimization-gatekeeper.conf
[2025-07-09 13:31:59] [DEBUG] Skipping file (excluded pattern): src/lib/analytics/query-optimizer.ts
# Optimization Gatekeeper Log - Wed Jul  9 13:31:59 SAST 2025
[2025-07-09 13:31:59] [DEBUG] Configuration loaded from /Users/nhla/Desktop/PROJECTS/2025/thrive-send/.optimization-gatekeeper.conf
[2025-07-09 13:32:00] [DEBUG] Skipping file (excluded pattern): src/lib/hooks/useAnalyticsData.ts
# Optimization Gatekeeper Log - Wed Jul  9 13:32:00 SAST 2025
[2025-07-09 13:32:00] [DEBUG] Configuration loaded from /Users/nhla/Desktop/PROJECTS/2025/thrive-send/.optimization-gatekeeper.conf
[2025-07-09 13:32:00] [DEBUG] Skipping file (excluded pattern): src/lib/utils/export-utils.ts
# Optimization Gatekeeper Log - Wed Jul  9 13:33:08 SAST 2025
[2025-07-09 13:33:08] [DEBUG] Configuration loaded from /Users/nhla/Desktop/PROJECTS/2025/thrive-send/.optimization-gatekeeper.conf
[2025-07-09 13:33:08] [DEBUG] Skipping file (excluded pattern): scripts/hooks-check.js
# Optimization Gatekeeper Log - Wed Jul  9 13:33:09 SAST 2025
[2025-07-09 13:33:09] [DEBUG] Configuration loaded from /Users/nhla/Desktop/PROJECTS/2025/thrive-send/.optimization-gatekeeper.conf
[2025-07-09 13:33:09] [INFO] Analyzing file: src/app/(dashboard)/analytics/page.tsx
[2025-07-09 13:33:09] [DEBUG] Validating optimization principles for: src/app/(dashboard)/analytics/page.tsx
[2025-07-09 13:33:12] [ERROR] Code quality violations detected in src/app/(dashboard)/analytics/page.tsx
# Optimization Gatekeeper Log - Wed Jul  9 13:33:13 SAST 2025
[2025-07-09 13:33:13] [DEBUG] Configuration loaded from /Users/nhla/Desktop/PROJECTS/2025/thrive-send/.optimization-gatekeeper.conf
[2025-07-09 13:33:13] [DEBUG] Skipping file (excluded pattern): src/app/api/analytics/comprehensive/route.ts
# Optimization Gatekeeper Log - Wed Jul  9 13:33:13 SAST 2025
[2025-07-09 13:33:13] [DEBUG] Configuration loaded from /Users/nhla/Desktop/PROJECTS/2025/thrive-send/.optimization-gatekeeper.conf
[2025-07-09 13:33:14] [INFO] Analyzing file: src/components/analytics/AnalyticsDashboard.tsx
[2025-07-09 13:33:14] [DEBUG] Validating optimization principles for: src/components/analytics/AnalyticsDashboard.tsx
[2025-07-09 13:33:16] [ERROR] Code quality violations detected in src/components/analytics/AnalyticsDashboard.tsx
# Optimization Gatekeeper Log - Wed Jul  9 13:33:17 SAST 2025
[2025-07-09 13:33:17] [DEBUG] Configuration loaded from /Users/nhla/Desktop/PROJECTS/2025/thrive-send/.optimization-gatekeeper.conf
[2025-07-09 13:33:17] [INFO] Analyzing file: src/components/analytics/AnalyticsErrorBoundary.tsx
[2025-07-09 13:33:17] [DEBUG] Validating optimization principles for: src/components/analytics/AnalyticsErrorBoundary.tsx
[2025-07-09 13:33:20] [ERROR] Code quality violations detected in src/components/analytics/AnalyticsErrorBoundary.tsx
# Optimization Gatekeeper Log - Wed Jul  9 13:33:21 SAST 2025
[2025-07-09 13:33:21] [DEBUG] Configuration loaded from /Users/nhla/Desktop/PROJECTS/2025/thrive-send/.optimization-gatekeeper.conf
[2025-07-09 13:33:21] [INFO] Analyzing file: src/components/analytics/charts/RechartsBarChart.tsx
[2025-07-09 13:33:21] [DEBUG] Validating optimization principles for: src/components/analytics/charts/RechartsBarChart.tsx
[2025-07-09 13:33:24] [ERROR] Code quality violations detected in src/components/analytics/charts/RechartsBarChart.tsx
# Optimization Gatekeeper Log - Wed Jul  9 13:33:25 SAST 2025
[2025-07-09 13:33:25] [DEBUG] Configuration loaded from /Users/nhla/Desktop/PROJECTS/2025/thrive-send/.optimization-gatekeeper.conf
[2025-07-09 13:33:25] [INFO] Analyzing file: src/components/analytics/charts/RechartsHeatMap.tsx
[2025-07-09 13:33:25] [DEBUG] Validating optimization principles for: src/components/analytics/charts/RechartsHeatMap.tsx
[2025-07-09 13:33:28] [ERROR] Code quality violations detected in src/components/analytics/charts/RechartsHeatMap.tsx
# Optimization Gatekeeper Log - Wed Jul  9 13:33:29 SAST 2025
[2025-07-09 13:33:29] [DEBUG] Configuration loaded from /Users/nhla/Desktop/PROJECTS/2025/thrive-send/.optimization-gatekeeper.conf
[2025-07-09 13:33:29] [INFO] Analyzing file: src/components/analytics/charts/RechartsLineChart.tsx
[2025-07-09 13:33:29] [DEBUG] Validating optimization principles for: src/components/analytics/charts/RechartsLineChart.tsx
[2025-07-09 13:33:32] [ERROR] Code quality violations detected in src/components/analytics/charts/RechartsLineChart.tsx
# Optimization Gatekeeper Log - Wed Jul  9 13:33:32 SAST 2025
[2025-07-09 13:33:33] [DEBUG] Configuration loaded from /Users/nhla/Desktop/PROJECTS/2025/thrive-send/.optimization-gatekeeper.conf
[2025-07-09 13:33:33] [INFO] Analyzing file: src/components/analytics/charts/RechartsPieChart.tsx
[2025-07-09 13:33:33] [DEBUG] Validating optimization principles for: src/components/analytics/charts/RechartsPieChart.tsx
[2025-07-09 13:33:35] [ERROR] Code quality violations detected in src/components/analytics/charts/RechartsPieChart.tsx
# Optimization Gatekeeper Log - Wed Jul  9 13:33:36 SAST 2025
[2025-07-09 13:33:36] [DEBUG] Configuration loaded from /Users/nhla/Desktop/PROJECTS/2025/thrive-send/.optimization-gatekeeper.conf
[2025-07-09 13:33:36] [DEBUG] Skipping file (excluded pattern): src/lib/analytics/cache-invalidation.ts
# Optimization Gatekeeper Log - Wed Jul  9 13:33:37 SAST 2025
[2025-07-09 13:33:37] [DEBUG] Configuration loaded from /Users/nhla/Desktop/PROJECTS/2025/thrive-send/.optimization-gatekeeper.conf
[2025-07-09 13:33:37] [DEBUG] Skipping file (excluded pattern): src/lib/analytics/cache-manager.ts
# Optimization Gatekeeper Log - Wed Jul  9 13:33:38 SAST 2025
[2025-07-09 13:33:38] [DEBUG] Configuration loaded from /Users/nhla/Desktop/PROJECTS/2025/thrive-send/.optimization-gatekeeper.conf
[2025-07-09 13:33:38] [DEBUG] Skipping file (excluded pattern): src/lib/analytics/chart-theme.ts
# Optimization Gatekeeper Log - Wed Jul  9 13:33:38 SAST 2025
[2025-07-09 13:33:38] [DEBUG] Configuration loaded from /Users/nhla/Desktop/PROJECTS/2025/thrive-send/.optimization-gatekeeper.conf
[2025-07-09 13:33:39] [DEBUG] Skipping file (excluded pattern): src/lib/analytics/error-handler.ts
# Optimization Gatekeeper Log - Wed Jul  9 13:33:39 SAST 2025
[2025-07-09 13:33:39] [DEBUG] Configuration loaded from /Users/nhla/Desktop/PROJECTS/2025/thrive-send/.optimization-gatekeeper.conf
[2025-07-09 13:33:39] [DEBUG] Skipping file (excluded pattern): src/lib/analytics/metrics-calculator.ts
# Optimization Gatekeeper Log - Wed Jul  9 13:33:40 SAST 2025
[2025-07-09 13:33:40] [DEBUG] Configuration loaded from /Users/nhla/Desktop/PROJECTS/2025/thrive-send/.optimization-gatekeeper.conf
[2025-07-09 13:33:40] [DEBUG] Skipping file (excluded pattern): src/lib/analytics/query-optimizer.ts
# Optimization Gatekeeper Log - Wed Jul  9 13:33:41 SAST 2025
[2025-07-09 13:33:41] [DEBUG] Configuration loaded from /Users/nhla/Desktop/PROJECTS/2025/thrive-send/.optimization-gatekeeper.conf
[2025-07-09 13:33:41] [DEBUG] Skipping file (excluded pattern): src/lib/hooks/useAnalyticsData.ts
# Optimization Gatekeeper Log - Wed Jul  9 13:33:41 SAST 2025
[2025-07-09 13:33:41] [DEBUG] Configuration loaded from /Users/nhla/Desktop/PROJECTS/2025/thrive-send/.optimization-gatekeeper.conf
[2025-07-09 13:33:42] [DEBUG] Skipping file (excluded pattern): src/lib/utils/export-utils.ts
