
> thrive-send@0.1.0 dev /Users/nhla/Desktop/PROJECTS/2025/thrive-send
> pnpm hooks:check && next dev


> thrive-send@0.1.0 hooks:check /Users/nhla/Desktop/PROJECTS/2025/thrive-send
> node scripts/hooks-check.js

✅ Optimization hooks system files available
 ⚠ Port 3000 is in use, trying 3001 instead.
  ▲ Next.js 14.2.29
  - Local:        http://localhost:3001
  - Environments: .env.local, .env
  - Experiments (use with caution):
    · forceSwcTransforms

 ✓ Starting...
 ✓ Ready in 9.9s
 ○ Compiling /middleware ...
 ✓ Compiled /middleware in 921ms (195 modules)
 ○ Compiling /_not-found ...
 ✓ Compiled /_not-found in 16.6s (2182 modules)
 GET /api/simple-content 404 in 17425ms
 ✓ Compiled in 1364ms (994 modules)
 ✓ Compiled in 148ms (980 modules)
 ✓ Compiled in 3.3s (994 modules)
 ✓ Compiled in 4.2s (994 modules)
 ✓ Compiled in 4.2s (994 modules)
 ✓ Compiled in 1850ms (994 modules)
[?25h
 ELIFECYCLE  Command failed.
